

> @cenety/web@0.3.1 build /Users/dmr/Desktop/next-saas-stripe-starter-main/apps/web
> next build

   [1m[38;2;173;127;168mâ–² Next.js 15.3.1[39m[22m
   - Environments: .env.local, .env
   - Experiments (use with caution):
     [1mâœ“[22m optimizeCss
     [1mâœ“[22m webpackBuildWorker
     [1mâœ“[22m parallelServerCompiles
     [1mâœ“[22m parallelServerBuildTraces

 [37m[1m [22m[39m Creating an optimized production build ...
Generated 20 documents in .contentlayer
Generated 20 documents in .contentlayer
Generated 20 documents in .contentlayer
 [32m[1mâœ“[22m[39m Compiled successfully in 9.0s
[?25l [37m[1m [22m[39m Linting and checking validity of types  [36m.[39m[2K[1G [37m[1m [22m[39m Linting and checking validity of types  [36m..[39m[2K[1G [37m[1m [22m[39m Linting and checking validity of types  [36m...[39m[2K[1G [37m[1m [22m[39m Linting and checking validity of types  [36m.[39m[2K[1G [37m[1m [22m[39m Linting and checking validity of types  [36m..[39m[2K[1G [37m[1m [22m[39m Linting and checking validity of types  [36m...[39m[2K[1G [37m[1m [22m[39m Linting and checking validity of types  [36m.[39m[2K[1G [37m[1m [22m[39m Linting and checking validity of types  [36m..[39m[2K[1G [37m[1m [22m[39m Linting and checking validity of types  [36m...[39m[2K[1G [37m[1m [22m[39m Linting and checking validity of types  [36m.[39m[2K[1G [37m[1m [22m[39m Linting and checking validity of types  [36m..[39m[2K[1G [37m[1m [22m[39m Linting and checking validity of types  [36m...[39m[2K[1G [37m[1m [22m[39m Linting and checking validity of types  [36m.[39m[2K[1G [37m[1m [22m[39m Linting and checking validity of types  [36m..[39m[2K[1G [37m[1m [22m[39m Linting and checking validity of types  [36m...[39m[2K[1G [37m[1m [22m[39m Linting and checking validity of types  [36m.[39m[2K[1G[?25h [37m[1m [22m[39m Linting and checking validity of types     [32m[1mâœ“[22m[39m Linting and checking validity of types 
[?25l [37m[1m [22m[39m Collecting page data  [36m.[39m[2K[1G [37m[1m [22m[39m Collecting page data  [36m..[39mâœ… Stripe initialized successfully
âœ… Stripe initialized successfully
âœ… Stripe initialized successfully
âœ… Stripe initialized successfully
âœ… Stripe initialized successfully
[2K[1G[?25h [33m[1mâš [22m[39m Using edge runtime on a page currently disables static generation for that page
[?25l [36m.[39m âœ… Stripe initialized successfully
âœ… Stripe initialized successfully
âœ… Stripe initialized successfully
âœ… Stripe initialized successfully
âœ… Stripe initialized successfully
âœ… Stripe initialized successfully
âœ… Stripe initialized successfully
[2K[1G[?25h    [32m[1mâœ“[22m[39m Collecting page data 
[?25l [37m[1m [22m[39m Generating static pages (0/120)  [36m[    ][39mSupabase admin client connected successfully
Supabase admin client connected successfully
Supabase admin client connected successfully
[2K[1G [37m[1m [22m[39m Generating static pages (0/120)  [36m[=   ][39mSupabase admin client connected successfully
Supabase admin client connected successfully
Supabase admin client connected successfully
Supabase admin client connected successfully
Supabase admin client connected successfully
Supabase admin client connected successfully
Supabase admin client connected successfully
Supabase admin client connected successfully
Supabase admin client connected successfully
[2K[1G[?25hâœ… Stripe initialized successfully
Supabase admin client connected successfully
 âš  metadataBase property in metadata export is not set for resolving social open graph or twitter images, using "http://localhost:3000". See https://nextjs.org/docs/app/api-reference/functions/generate-metadata#metadatabase
[?25h [32m[1mâœ“[22m[39m Generating static pages (120/120)
[?25l [37m[1m [22m[39m Finalizing page optimization  [36m.[39m[?25l [37m[1m [22m[39m Collecting build traces  [36m.[39m[2K[1G[?25h [37m[1m [22m[39m Collecting build traces     [32m[1mâœ“[22m[39m Collecting build traces 
[2K[1G[?25h [37m[1m [22m[39m Finalizing page optimization     [32m[1mâœ“[22m[39m Finalizing page optimization 

[4mRoute (app)[24m                                            [4mSize[24m  [4mFirst Load JS[24m  [4m[24m  [4m[24m
â”Œ â—‹ /                                               1.99 kB         [37m[1m121 kB[22m[39m
â”œ â—‹ /_not-found                                       986 B         [37m[1m103 kB[22m[39m
â”œ â— /[locale]                                       1.72 kB         [37m[1m189 kB[22m[39m
â”œ   â”œ /en
â”œ   â”” /de
â”œ â— /[locale]/[slug]                                1.99 kB         [37m[1m160 kB[22m[39m
â”œ   â”œ /en/privacy
â”œ   â”œ /en/terms
â”œ   â”œ /de/privacy
â”œ   â”” /de/terms
â”œ â— /[locale]/admin                                 8.27 kB         [37m[1m168 kB[22m[39m
â”œ   â”œ /en/admin
â”œ   â”” /de/admin
â”œ â— /[locale]/admin/analytics                       75.9 kB         [37m[1m228 kB[22m[39m
â”œ   â”œ /en/admin/analytics
â”œ   â”” /de/admin/analytics
â”œ â— /[locale]/admin/orders                            235 B         [37m[1m102 kB[22m[39m
â”œ   â”œ /en/admin/orders
â”œ   â”” /de/admin/orders
â”œ â— /[locale]/admin/support                         8.02 kB         [37m[1m244 kB[22m[39m
â”œ   â”œ /en/admin/support
â”œ   â”” /de/admin/support
â”œ Æ’ /[locale]/admin/support/[id]                    5.28 kB         [37m[1m190 kB[22m[39m
â”œ â— /[locale]/admin/users                           5.35 kB         [37m[1m260 kB[22m[39m
â”œ   â”œ /en/admin/users
â”œ   â”” /de/admin/users
â”œ Æ’ /[locale]/api/auth/reset-password                 235 B         [37m[1m102 kB[22m[39m
â”œ Æ’ /[locale]/api/auth/signin                         235 B         [37m[1m102 kB[22m[39m
â”œ Æ’ /[locale]/api/auth/signout                        235 B         [37m[1m102 kB[22m[39m
â”œ Æ’ /[locale]/api/auth/signup                         235 B         [37m[1m102 kB[22m[39m
â”œ Æ’ /[locale]/api/og                                  235 B         [37m[1m102 kB[22m[39m
â”œ Æ’ /[locale]/api/user                                235 B         [37m[1m102 kB[22m[39m
â”œ Æ’ /[locale]/api/webhooks/stripe                     235 B         [37m[1m102 kB[22m[39m
â”œ Æ’ /[locale]/auth/callback                         1.99 kB         [37m[1m121 kB[22m[39m
â”œ â— /[locale]/auth/verified                         6.04 kB         [37m[1m142 kB[22m[39m
â”œ   â”œ /en/auth/verified
â”œ   â”” /de/auth/verified
â”œ â— /[locale]/banned                                7.21 kB         [37m[1m187 kB[22m[39m
â”œ   â”œ /en/banned
â”œ   â”” /de/banned
â”œ â— /[locale]/blog                                  1.96 kB         [37m[1m160 kB[22m[39m
â”œ   â”œ /en/blog
â”œ   â”” /de/blog
â”œ â— /[locale]/blog/[slug]                             946 B         [37m[1m159 kB[22m[39m
â”œ   â”œ /en/blog/deploying-next-apps
â”œ   â”œ /en/blog/dynamic-routing-static-regeneration
â”œ   â”œ /en/blog/preview-mode-headless-cms
â”œ   â”” [+5 more paths]
â”œ â— /[locale]/blog/category/[slug]                  1.84 kB         [37m[1m160 kB[22m[39m
â”œ   â”œ /en/blog/category/news
â”œ   â”œ /en/blog/category/education
â”œ   â”œ /de/blog/category/news
â”œ   â”” /de/blog/category/education
â”œ â— /[locale]/company/about                         1.99 kB         [37m[1m121 kB[22m[39m
â”œ   â”œ /en/company/about
â”œ   â”” /de/company/about
â”œ â— /[locale]/company/enterprise                    1.99 kB         [37m[1m121 kB[22m[39m
â”œ   â”œ /en/company/enterprise
â”œ   â”” /de/company/enterprise
â”œ â— /[locale]/dashboard                             2.24 kB         [37m[1m184 kB[22m[39m
â”œ   â”œ /en/dashboard
â”œ   â”” /de/dashboard
â”œ â— /[locale]/dashboard/billing                     4.62 kB         [37m[1m198 kB[22m[39m
â”œ   â”œ /en/dashboard/billing
â”œ   â”” /de/dashboard/billing
â”œ â— /[locale]/dashboard/charts                       121 kB         [37m[1m251 kB[22m[39m
â”œ   â”œ /en/dashboard/charts
â”œ   â”” /de/dashboard/charts
â”œ â— /[locale]/dashboard/settings                    11.7 kB         [37m[1m262 kB[22m[39m
â”œ   â”œ /en/dashboard/settings
â”œ   â”” /de/dashboard/settings
â”œ â— /[locale]/dashboard/support                       631 B         [37m[1m193 kB[22m[39m
â”œ   â”œ /en/dashboard/support
â”œ   â”” /de/dashboard/support
â”œ Æ’ /[locale]/dashboard/support/[id]                10.4 kB         [37m[1m161 kB[22m[39m
â”œ â— /[locale]/dashboard/support/new                 10.4 kB         [37m[1m162 kB[22m[39m
â”œ   â”œ /en/dashboard/support/new
â”œ   â”” /de/dashboard/support/new
â”œ â— /[locale]/dashboard/teams                       4.95 kB         [37m[1m201 kB[22m[39m
â”œ   â”œ /en/dashboard/teams
â”œ   â”” /de/dashboard/teams
â”œ Æ’ /[locale]/dashboard/teams/[id]                  7.92 kB         [37m[1m212 kB[22m[39m
â”œ â— /[locale]/dashboard/users                       10.3 kB         [37m[1m140 kB[22m[39m
â”œ   â”œ /en/dashboard/users
â”œ   â”” /de/dashboard/users
â”œ â— /[locale]/docs/[[...slug]]                        943 B         [37m[1m159 kB[22m[39m
â”œ   â”œ /en/docs/in-progress
â”œ   â”œ /en/docs
â”œ   â”œ /en/docs/installation
â”œ   â”” [+21 more paths]
â”œ â— /[locale]/guides                                  176 B         [37m[1m105 kB[22m[39m
â”œ   â”œ /en/guides
â”œ   â”” /de/guides
â”œ â— /[locale]/guides/[slug]                           943 B         [37m[1m159 kB[22m[39m
â”œ   â”œ /en/guides/build-blog-using-contentlayer-mdx
â”œ   â”œ /en/guides/using-next-auth-next-13
â”œ   â”œ /de/guides/build-blog-using-contentlayer-mdx
â”œ   â”” /de/guides/using-next-auth-next-13
â”œ â— /[locale]/login                                 5.26 kB         [37m[1m196 kB[22m[39m
â”œ   â”œ /en/login
â”œ   â”” /de/login
â”œ â— /[locale]/newsletter/unsubscribe                 6.9 kB         [37m[1m166 kB[22m[39m
â”œ   â”œ /en/newsletter/unsubscribe
â”œ   â”” /de/newsletter/unsubscribe
â”œ â— /[locale]/pricing                               14.3 kB         [37m[1m243 kB[22m[39m
â”œ   â”œ /en/pricing
â”œ   â”” /de/pricing
â”œ â— /[locale]/privacy                               1.99 kB         [37m[1m121 kB[22m[39m
â”œ   â”œ /en/privacy
â”œ   â”” /de/privacy
â”œ â— /[locale]/product/changelog                     5.24 kB         [37m[1m153 kB[22m[39m
â”œ   â”œ /en/product/changelog
â”œ   â”” /de/product/changelog
â”œ â— /[locale]/product/customers                     6.61 kB         [37m[1m154 kB[22m[39m
â”œ   â”œ /en/product/customers
â”œ   â”” /de/product/customers
â”œ â— /[locale]/product/customization                 1.99 kB         [37m[1m121 kB[22m[39m
â”œ   â”œ /en/product/customization
â”œ   â”” /de/product/customization
â”œ â— /[locale]/product/security                      1.99 kB         [37m[1m121 kB[22m[39m
â”œ   â”œ /en/product/security
â”œ   â”” /de/product/security
â”œ â— /[locale]/profile                               2.15 kB         [37m[1m194 kB[22m[39m
â”œ   â”œ /en/profile
â”œ   â”” /de/profile
â”œ Æ’ /[locale]/profile/[userId]                      4.91 kB         [37m[1m186 kB[22m[39m
â”œ Æ’ /[locale]/profile/[userId]/followers              166 B         [37m[1m186 kB[22m[39m
â”œ Æ’ /[locale]/profile/[userId]/following              166 B         [37m[1m186 kB[22m[39m
â”œ â— /[locale]/profile/notifications                 7.07 kB         [37m[1m192 kB[22m[39m
â”œ   â”œ /en/profile/notifications
â”œ   â”” /de/profile/notifications
â”œ â— /[locale]/register                              5.35 kB         [37m[1m196 kB[22m[39m
â”œ   â”œ /en/register
â”œ   â”” /de/register
â”œ Æ’ /[locale]/site.webmanifest                      1.99 kB         [37m[1m121 kB[22m[39m
â”œ Æ’ /[locale]/sitemap.xml                             235 B         [37m[1m102 kB[22m[39m
â”œ â— /[locale]/terms                                 1.99 kB         [37m[1m121 kB[22m[39m
â”œ   â”œ /en/terms
â”œ   â”” /de/terms
â”œ Æ’ /api/analytics/page-views                         235 B         [37m[1m102 kB[22m[39m
â”œ Æ’ /api/auth/callback                                235 B         [37m[1m102 kB[22m[39m
â”œ Æ’ /api/confirm-user                                 235 B         [37m[1m102 kB[22m[39m
â”œ Æ’ /api/get-user-email                               235 B         [37m[1m102 kB[22m[39m
â”œ Æ’ /api/teams                                        235 B         [37m[1m102 kB[22m[39m
â”œ Æ’ /api/teams/invitations                            235 B         [37m[1m102 kB[22m[39m
â”œ Æ’ /api/teams/members                                235 B         [37m[1m102 kB[22m[39m
â”œ Æ’ /api/views                                        235 B         [37m[1m102 kB[22m[39m
â”œ Æ’ /auth/callback                                    235 B         [37m[1m102 kB[22m[39m
â”œ â—‹ /opengraph-image.jpg                                0 B            [37m[1m0 B[22m[39m
â”œ â—‹ /robots.txt                                       235 B         [37m[1m102 kB[22m[39m
â”” â—‹ /sitemap.xml                                      235 B         [37m[1m102 kB[22m[39m
+ First Load JS shared by all                        [37m[1m102 kB[22m[39m
  â”œ chunks/4641-6095f66998d9a9d5.js                 46.5 kB
  â”œ chunks/65971fd6-0a89095f3acc49e0.js             53.2 kB
  â”” other shared chunks (total)                     1.99 kB


Æ’ Middleware                                         [37m[1m115 kB[22m[39m

â—‹  (Static)   prerendered as static content
â—  (SSG)      prerendered as static HTML (uses [36mgenerateStaticParams[39m)
Æ’  (Dynamic)  server-rendered on demand

[?25h
